<?xml version="1.0" encoding="UTF-8"?>
<!-- Generated by org.testng.reporters.JUnitXMLReporter -->
<testsuite ignored="0" hostname="HemAnokar" failures="0" tests="4" name="Default test" time="8.981" errors="0" timestamp="2023-06-03T15:07:01 IST">
  <testcase classname="api.test.UserTest" name="testPostUser" time="2.746"/>
  <testcase classname="api.test.UserTest" name="testGetUserByName" time="1.382"/>
  <testcase classname="api.test.UserTest" name="testUpdateUserByName" time="2.727"/>
  <testcase classname="api.test.UserTest" name="testDeleteUserByName" time="1.435"/>
</testsuite> <!-- Default test -->
