<?xml version="1.0" encoding="UTF-8"?>
<!-- Generated by org.testng.reporters.JUnitXMLReporter -->
<testsuite ignored="3" hostname="DESKTOP-FDAGO2O" failures="0" tests="1" name="Default test" time="6.721" errors="0" timestamp="2023-06-01T16:36:04 IST">
  <testcase classname="api.test.UserTest" name="testPostUser" time="6.215"/>
  <testcase classname="api.test.UserTest" name="testGetUserByName" time="0.0">
    <ignored/>
  </testcase> <!-- testGetUserByName -->
  <testcase classname="api.test.UserTest" name="testDeleteUserByName" time="0.0">
    <ignored/>
  </testcase> <!-- testDeleteUserByName -->
  <testcase classname="api.test.UserTest" name="testUpdateUserByName" time="0.0">
    <ignored/>
  </testcase> <!-- testUpdateUserByName -->
</testsuite> <!-- Default test -->
