<?xml version="1.0" encoding="UTF-8"?>
<!-- Generated by org.testng.reporters.JUnitXMLReporter -->
<testsuite ignored="0" hostname="HemAnokar" failures="0" tests="9" name="Test" time="19.273" errors="0" timestamp="2023-06-03T14:42:52 IST">
  <testcase classname="api.test.DataDrivenUserTests" name="testCreateUser" time="3.551"/>
  <testcase classname="api.test.DataDrivenUserTests" name="testCreateUser" time="1.636"/>
  <testcase classname="api.test.DataDrivenUserTests" name="testCreateUser" time="1.529"/>
  <testcase classname="api.test.DataDrivenUserTests" name="testGetuser" time="1.71"/>
  <testcase classname="api.test.DataDrivenUserTests" name="testGetuser" time="1.446"/>
  <testcase classname="api.test.DataDrivenUserTests" name="testGetuser" time="1.629"/>
  <testcase classname="api.test.DataDrivenUserTests" name="testDeleteUser" time="1.838"/>
  <testcase classname="api.test.DataDrivenUserTests" name="testDeleteUser" time="2.129"/>
  <testcase classname="api.test.DataDrivenUserTests" name="testDeleteUser" time="1.753"/>
</testsuite> <!-- Test -->
