<?xml version="1.0" encoding="UTF-8"?>
<testng-results ignored="0" total="4" passed="4" failed="0" skipped="0">
  <reporter-output>
  </reporter-output>
  <suite started-at="2023-06-03T15:06:52 IST" name="Default suite" finished-at="2023-06-03T15:07:01 IST" duration-ms="8981">
    <groups>
    </groups>
    <test started-at="2023-06-03T15:06:52 IST" name="Default test" finished-at="2023-06-03T15:07:01 IST" duration-ms="8981">
      <class name="api.test.UserTest">
        <test-method is-config="true" signature="setup()[pri:0, instance:api.test.UserTest@4f2b503c]" started-at="2023-06-03T15:06:52 IST" name="setup" finished-at="2023-06-03T15:06:53 IST" duration-ms="636" status="PASS">
          <reporter-output>
          </reporter-output>
        </test-method> <!-- setup -->
        <test-method signature="testPostUser()[pri:1, instance:api.test.UserTest@4f2b503c]" started-at="2023-06-03T15:06:53 IST" name="testPostUser" finished-at="2023-06-03T15:06:55 IST" duration-ms="2746" status="PASS">
          <reporter-output>
          </reporter-output>
        </test-method> <!-- testPostUser -->
        <test-method signature="testGetUserByName()[pri:2, instance:api.test.UserTest@4f2b503c]" started-at="2023-06-03T15:06:55 IST" name="testGetUserByName" finished-at="2023-06-03T15:06:57 IST" duration-ms="1382" status="PASS">
          <reporter-output>
          </reporter-output>
        </test-method> <!-- testGetUserByName -->
        <test-method signature="testUpdateUserByName()[pri:3, instance:api.test.UserTest@4f2b503c]" started-at="2023-06-03T15:06:57 IST" name="testUpdateUserByName" finished-at="2023-06-03T15:06:59 IST" duration-ms="2727" status="PASS">
          <reporter-output>
          </reporter-output>
        </test-method> <!-- testUpdateUserByName -->
        <test-method signature="testDeleteUserByName()[pri:4, instance:api.test.UserTest@4f2b503c]" started-at="2023-06-03T15:06:59 IST" name="testDeleteUserByName" finished-at="2023-06-03T15:07:01 IST" duration-ms="1435" status="PASS">
          <reporter-output>
          </reporter-output>
        </test-method> <!-- testDeleteUserByName -->
      </class> <!-- api.test.UserTest -->
    </test> <!-- Default test -->
  </suite> <!-- Default suite -->
</testng-results>
