<?xml version="1.0" encoding="UTF-8"?>
<testng-results ignored="3" total="4" passed="1" failed="0" skipped="0">
  <reporter-output>
  </reporter-output>
  <suite started-at="2023-06-01T16:35:57 IST" name="Default suite" finished-at="2023-06-01T16:36:04 IST" duration-ms="6721">
    <groups>
    </groups>
    <test started-at="2023-06-01T16:35:57 IST" name="Default test" finished-at="2023-06-01T16:36:04 IST" duration-ms="6721">
      <class name="api.test.UserTest">
        <test-method is-config="true" signature="setup()[pri:0, instance:api.test.UserTest@47e2e487]" started-at="2023-06-01T16:35:57 IST" name="setup" finished-at="2023-06-01T16:35:58 IST" duration-ms="429" status="PASS">
          <reporter-output>
          </reporter-output>
        </test-method> <!-- setup -->
        <test-method signature="testPostUser()[pri:1, instance:api.test.UserTest@47e2e487]" started-at="2023-06-01T16:35:58 IST" name="testPostUser" finished-at="2023-06-01T16:36:04 IST" duration-ms="6215" status="PASS">
          <reporter-output>
          </reporter-output>
        </test-method> <!-- testPostUser -->
      </class> <!-- api.test.UserTest -->
    </test> <!-- Default test -->
  </suite> <!-- Default suite -->
</testng-results>
